<?xml version="1.0" encoding="utf-8"?><testsuites name="pytest tests"><testsuite name="pytest" errors="0" failures="0" skipped="0" tests="6" time="0.972" timestamp="2026-04-15T06:19:39.278976+00:00" hostname="agent-env-0f35d070-bf33-49dc-934c-ce34d03b9f20"><testcase classname="backend.tests.test_contact_api.TestContactAPI" name="test_api_root" time="0.174" /><testcase classname="backend.tests.test_contact_api.TestContactAPI" name="test_post_contact_full" time="0.101" /><testcase classname="backend.tests.test_contact_api.TestContactAPI" name="test_post_contact_minimal" time="0.135" /><testcase classname="backend.tests.test_contact_api.TestContactAPI" name="test_post_contact_missing_required" time="0.131" /><testcase classname="backend.tests.test_contact_api.TestContactAPI" name="test_get_contacts" time="0.165" /><testcase classname="backend.tests.test_contact_api.TestContactAPI" name="test_get_contacts_no_mongo_id" time="0.106" /></testsuite></testsuites>